Total electrons: 10
Nuclear repulsions:   8.910893
Overlap Integrals:

  1.000000  0.251170  0.050056  0.454223  0.292852 -0.245615  0.000000
  0.251170  1.000000  0.050056  0.454223 -0.292852 -0.245615  0.000000
  0.050056  0.050056  1.000000  0.236704  0.000000  0.000000  0.000000
  0.454223  0.454223  0.236704  1.000000  0.000000  0.000000  0.000000
  0.292852 -0.292852  0.000000  0.000000  1.000000  0.000000  0.000000
 -0.245615 -0.245615  0.000000  0.000000  0.000000  1.000000  0.000000
  0.000000  0.000000  0.000000  0.000000  0.000000  0.000000  1.000000

Kinetic Energy Integrals:

  0.760032  0.008363 -0.004520  0.113906  0.199545 -0.167359 -0.000000
  0.008363  0.760032 -0.004520  0.113906 -0.199545 -0.167359 -0.000000
 -0.004520 -0.004520 29.003200 -0.168011 -0.000000 -0.000000 -0.000000
  0.113906  0.113906 -0.168011  0.808128 -0.000000  0.000000 -0.000000
  0.199545 -0.199545 -0.000000 -0.000000  2.528731 -0.000000 -0.000000
 -0.167359 -0.167359  0.000000  0.000000 -0.000000  2.528731 -0.000000
 -0.000000 -0.000000 -0.000000 -0.000000 -0.000000 -0.000000  2.528731

Nuclear Attraction Integrals:

 -5.717924 -1.570021 -1.616473 -3.659309 -2.091347  1.826808  0.000000
 -1.570021 -5.717924 -1.616473 -3.659309  2.091347  1.826808  0.000000
 -1.616473 -1.616473-61.688668 -7.436403  0.000000  0.018692  0.000000
 -3.659309 -3.659309 -7.436403-10.110545  0.000000  0.222278  0.000000
 -2.091347  2.091347  0.000000  0.000000-10.096171  0.000000  0.000000
  1.826808  1.826808  0.018692  0.222278  0.000000-10.055743  0.000000
  0.000000  0.000000  0.000000  0.000000  0.000000  0.000000 -9.959858

Core Hamiltonian Matrix:

 -4.957892 -1.561658 -1.620993 -3.545403 -1.891801  1.659450 -0.000000
 -1.561658 -4.957892 -1.620993 -3.545403  1.891801  1.659450 -0.000000
 -1.620993 -1.620993-32.685468 -7.604414  0.000000  0.018692 -0.000000
 -3.545403 -3.545403 -7.604414 -9.302417  0.000000  0.222278 -0.000000
 -1.891801  1.891801  0.000000  0.000000 -7.567440  0.000000 -0.000000
  1.659450  1.659450  0.018692  0.222278  0.000000 -7.527012 -0.000000
 -0.000000 -0.000000 -0.000000 -0.000000 -0.000000 -0.000000 -7.431126

Initial Density Matrix:

  0.500000 -0.000000 -0.000000  0.000000  0.000000 -0.000000  0.000000
 -0.000000  0.500000 -0.000000  0.000000  0.000000 -0.000000  0.000000
 -0.000000 -0.000000  1.000000 -0.000000  0.000000  0.000000  0.000000
 -0.000000 -0.000000 -0.000000  1.000000 -0.000000  0.000000  0.000000
  0.000000  0.000000  0.000000 -0.000000  0.666667  0.000000  0.000000
 -0.000000  0.000000  0.000000  0.000000  0.000000  0.666667  0.000000
  0.000000  0.000000  0.000000  0.000000  0.000000  0.000000  0.666667

Fock Matrix: 

  2.714938  0.913601 -1.559958  0.554962  0.294474 -0.190240  0.000000
  0.913601  2.714938 -1.559958  0.554962 -0.294474 -0.190240  0.000000
 -1.559958 -1.559958-24.387786 -6.737068 -0.000000  0.012617  0.000000
  0.554962  0.554962 -6.737068 -0.068066 -0.000000  0.150055  0.000000
  0.418418 -0.418418 -0.000000 -0.000000 -0.233239  0.000000  0.000000
 -0.294191 -0.294191  0.012617  0.150055  0.000000 -0.191193  0.000000
  0.000000  0.000000  0.000000  0.000000  0.000000  0.000000 -0.091470

Energy: -84.047677

============================= Start SCF =============================

Initial guess:

Coefficient matrix:

    1.1907   -0.0904    0.0212   -0.2759   -0.2132    0.1466    0.0000
   -0.0904    1.1907    0.0212   -0.2759    0.2132    0.1466    0.0000
    0.0212    0.0212    1.0241   -0.1417    0.0000    0.0100    0.0000
   -0.2759   -0.2759   -0.1417    1.2222   -0.0000   -0.1060    0.0000
   -0.2132    0.2132    0.0000   -0.0000    1.0983    0.0000    0.0000
    0.1466    0.1466    0.0100   -0.1060    0.0000    1.0561    0.0000
    0.0000    0.0000    0.0000    0.0000    0.0000    0.0000    1.0000

iteration = 1, energy = 7.901856

Fock matrix:

    2.7149    0.9136   -1.5600    0.5550    0.2945   -0.1902    0.0000
    0.9136    2.7149   -1.5600    0.5550   -0.2945   -0.1902    0.0000
   -1.5600   -1.5600  -24.3878   -6.7371   -0.0000    0.0126    0.0000
    0.5550    0.5550   -6.7371   -0.0681   -0.0000    0.1501    0.0000
    0.4184   -0.4184   -0.0000   -0.0000   -0.2332    0.0000    0.0000
   -0.2942   -0.2942    0.0126    0.1501    0.0000   -0.1912    0.0000
    0.0000    0.0000    0.0000    0.0000    0.0000    0.0000   -0.0915


Coefficient matrix:

    0.0062   -0.2878    0.1578    0.0000   -0.1230    0.8850    0.8144
    0.0062    0.2878    0.1578    0.0000   -0.1230   -0.8850    0.8144
   -0.9893   -0.0000    0.0479    0.0000   -0.2920    0.0000    0.0593
   -0.0448    0.0000   -0.2441    0.0000    1.1248   -0.0000   -0.5920
   -0.0000    1.1195    0.0000    0.0000   -0.0000   -0.2091   -0.0000
    0.0040   -0.0000    1.0552    0.0000    0.0618   -0.0000    0.2291
    0.0000    0.0000    0.0000    1.0000    0.0000    0.0000    0.0000

iteration = 2, energy = 22.938677

Fock matrix:

   -5.1418   -1.7003   -1.1414   -3.6608   -2.0197    1.8805   -0.1240
   -1.5931   -5.3673   -1.4796   -3.5489    1.2432    1.9351   -0.1240
   -1.4864   -1.4724  -33.3453   -7.6134    0.5921    0.0694    0.5422
   -3.6692   -3.7010   -7.3877   -9.6631    0.4735    0.6887    0.1104
   -1.7210    2.2760    0.9993    1.0251   -7.6364    0.2245    0.0000
    1.6149    2.0567   -0.0794    0.4384    0.2712   -7.8361   -0.0404
   -0.0398   -0.0398    0.4150    0.6818    0.0000    0.1209   -7.7405


Coefficient matrix:

   -0.0130    0.1124   -0.2493   -0.0937   -0.0344    0.4210    1.1434
    0.0154    0.2650    0.0867   -0.0204    0.0703   -1.1847    0.2874
   -1.0029    0.2249    0.0064    0.0041    0.1017   -0.0159    0.0520
    0.0164   -0.9982    0.1062    0.0273   -0.5924    0.1756   -0.5354
    0.0453    0.4573    0.5433    0.5247   -0.5749   -0.3783   -0.2046
   -0.0024    0.2978   -0.9073    0.1679   -0.3520   -0.2720    0.1784
    0.0158    0.3057    0.0800   -0.8376   -0.4305    0.0372   -0.1077

iteration = 3, energy = 25.868247

Fock matrix:

   -7.3265   -2.3476   -1.0636   -4.5714   -2.7982    2.0387    0.2603
   -2.3576   -7.3379   -1.4342   -4.5881    1.7785    1.7782   -0.0616
   -1.8319   -1.6171  -33.8103   -7.7140    0.2669    0.0203   -0.2412
   -4.8645   -4.6691   -7.3067  -11.8349   -0.3460   -0.3771    0.2380
   -2.4389    2.6072    0.1654    0.2070  -10.0050   -0.3282   -0.3092
    2.0907    2.4303   -0.2943   -0.1209   -0.4010   -9.0454    0.0270
   -0.4070   -0.2003   -0.0501   -0.2611   -0.4542    0.1091   -8.8611


Coefficient matrix:

   -0.0226    0.0441    0.1459   -0.0220    0.1743   -0.2154    1.2118
   -0.0028    0.1879   -0.1577   -0.1509   -0.0549    1.2140    0.0987
   -1.0069    0.2183    0.0662   -0.0204    0.0225    0.0383    0.0391
    0.0366   -1.0716   -0.3075    0.1043   -0.1665   -0.3703   -0.5073
    0.0072    0.3488   -0.9388   -0.1344   -0.4211    0.2241   -0.2202
   -0.0144    0.1217   -0.2964    0.7696    0.5235    0.3212    0.3119
   -0.0018   -0.0316   -0.2690   -0.5614    0.7737   -0.0569   -0.0981

iteration = 4, energy = 3.188687

Fock matrix:

   -6.6013   -1.8815   -1.1238   -4.1745   -2.6774    1.8498   -0.0121
   -1.9043   -6.5462   -1.4503   -4.0232    1.7744    2.0087    0.2834
   -1.3323   -1.7052  -34.4127   -7.5492   -0.1044    0.3980   -0.2053
   -4.1963   -4.2551   -7.5117  -11.0314   -0.6867    0.1447    0.0861
   -2.5286    2.3279    0.0183   -0.4401   -9.5012    0.3103    0.5706
    2.2583    1.8977    0.1025    0.5692    0.5265   -8.3817    0.0120
   -0.3823   -0.1742   -0.0503   -0.2957    0.4423    0.1461   -8.7536


Coefficient matrix:

    0.0116   -0.3025   -0.1127    0.1531   -0.0200    0.6141    1.0316
   -0.0122   -0.0908    0.1852   -0.0058    0.1381   -1.1189    0.5056
   -1.0052   -0.1961    0.1053    0.0809   -0.0312   -0.0160    0.0453
    0.0236    0.9752   -0.5043   -0.4107    0.1390    0.2283   -0.4808
   -0.0056    0.5538    0.7929    0.3386    0.3350   -0.3600   -0.0721
    0.0051   -0.4115    0.0594   -0.3137    0.9002   -0.0191    0.2961
   -0.0015   -0.0181   -0.5137    0.7771    0.3313   -0.0975   -0.1123

iteration = 5, energy = 8.984527

Fock matrix:

   -4.2961   -1.3014   -1.1411   -3.0991   -1.9084    1.5058   -0.2060
   -1.5478   -4.4641   -1.5389   -3.4489    1.3498    2.0522   -0.0807
   -1.6230   -1.2648  -33.0335   -7.2005    0.4418   -0.2183    0.4384
   -3.3582   -3.1228   -7.3658   -8.6201    0.3160    0.2869   -0.0385
   -1.3819    2.1047    0.5984    0.9336   -6.4096    0.5462    0.2778
    1.4151    1.7106   -0.2881    0.0027    0.5615   -7.1568   -0.0558
   -0.1424   -0.0331    0.3497    0.4804    0.2179    0.1053   -7.2344


Coefficient matrix:

    0.0227    0.0215    0.2647   -0.0369   -0.0066   -0.7177   -0.9909
   -0.0138    0.2079    0.0001   -0.0345    0.1635    1.0652   -0.6028
    1.0035    0.2136    0.0227   -0.0720    0.0919    0.0047   -0.0540
   -0.0193   -0.9404   -0.1979    0.3929   -0.5016   -0.0124    0.5892
   -0.0275    0.4382   -0.4832   -0.1862   -0.7539    0.5167    0.0295
    0.0127   -0.1313    0.7287   -0.6611   -0.2491    0.2079   -0.2809
   -0.0129    0.3660    0.5869    0.6533   -0.2845    0.0521    0.1042

iteration = 6, energy = 16.866001

Fock matrix:

   -6.6155   -2.1848   -2.0885   -4.4834   -2.3569    2.4290   -0.1432
   -2.1773   -6.4643   -1.7091   -4.2116    1.5721    2.3983   -0.4391
   -1.4320   -1.5965  -32.8260   -7.4750   -0.2331   -0.1677    0.2798
   -4.4969   -4.5252   -7.9007  -11.1552   -0.6217    0.8392   -0.0829
   -2.4337    2.0343   -0.5401   -0.6353  -10.0171   -0.0740   -0.1910
    2.1237    1.7676    0.1526    0.1483    0.2587   -8.1752    0.0937
    0.4164    0.3357    0.0878    0.4316   -0.2247   -0.1279   -8.1537


Coefficient matrix:

    0.0149    0.3099   -0.0502    0.1238   -0.0850   -0.4527    1.1150
   -0.0100   -0.1520    0.2195   -0.0636   -0.1993    1.1494    0.3648
   -0.9991    0.1638    0.1922    0.0464   -0.0404    0.0284    0.0565
   -0.0035   -0.6380   -0.8912   -0.2300    0.2454   -0.2904   -0.5277
   -0.0278   -0.9243    0.5972    0.0384   -0.1710    0.2100   -0.1029
    0.0049    0.1184    0.0956   -0.7894   -0.6401    0.0370    0.3351
    0.0033   -0.0035    0.2738   -0.5429    0.7819    0.0094    0.1370

iteration = 7, energy = 2.010473

Fock matrix:

   -5.6475   -1.6631   -1.1365   -3.6876   -1.7013    2.1126    0.0814
   -1.6208   -5.6607   -1.4884   -3.6604    3.1267    1.8859    0.3690
   -1.4206   -1.1958  -33.8853   -6.9392   -0.0422   -0.3244   -0.1343
   -3.9059   -3.8549   -7.4603   -9.9493    0.7158    0.3937    0.3838
   -2.1758    2.1854    0.2804    0.1840   -8.4807   -0.5114    0.6316
    1.7713    1.4759   -0.3023   -0.2365   -0.5701   -7.9554    0.0626
   -0.3157   -0.1754    0.0252   -0.0824    0.5363    0.2084   -7.6178


Coefficient matrix:

    0.0110   -0.0222   -0.1423    0.0680   -0.1486   -0.4221   -1.1592
   -0.0037    0.3056    0.0526    0.1571   -0.0587   -1.0758    0.5366
    1.0052    0.1689   -0.1643    0.0199   -0.0068   -0.0529   -0.0261
   -0.0247   -0.8251    0.7770   -0.1843    0.0486    0.5266    0.2800
   -0.0113    0.6723    0.5543   -0.3499   -0.4820   -0.0675    0.4224
    0.0117    0.3458    0.3772    0.8976    0.0837   -0.1964   -0.2374
   -0.0008   -0.2818   -0.2635    0.3504   -0.8388    0.0734    0.1391

iteration = 8, energy = 8.198299

Fock matrix:

   -6.1842   -2.0823   -2.1074   -4.3091   -2.0786    1.7097    0.1101
   -1.9189   -6.1140   -1.7070   -3.9577    1.6603    1.5675   -0.0488
   -1.9057   -1.7320  -33.0940   -8.3126   -0.0815    0.3902    0.0889
   -4.0535   -4.1502   -7.9208  -10.6059    0.2280    0.0614   -0.1264
   -2.1579    2.1595   -0.2695   -0.1262   -9.2893    0.1677   -0.5825
    2.2290    2.3743    0.2991    0.6638    0.2145   -8.3475   -0.0831
    0.2501   -0.0635    0.0183    0.0677   -0.3248   -0.0908   -8.0340


Coefficient matrix:

   -0.0004   -0.3260    0.0028    0.0801    0.0720   -0.8126    0.8895
    0.0043    0.1348    0.2322    0.0973   -0.0877    0.9629    0.7437
   -0.9996   -0.1234    0.2001    0.1087   -0.0270    0.0096    0.0510
   -0.0020    0.5180   -0.8960   -0.5321    0.1152   -0.0487   -0.5543
   -0.0085    0.9332    0.5383    0.0217    0.2382    0.2814    0.0058
    0.0110   -0.3353    0.4182   -0.7834    0.3105    0.1015    0.4024
    0.0007    0.1790    0.1739   -0.3380   -0.8953   -0.1431    0.0373

iteration = 9, energy = -21.313405

Fock matrix:

   -4.4644   -1.2132   -1.1641   -3.0918   -2.0705    1.7964    0.2875
   -1.5613   -4.5267   -1.5423   -3.3560    1.0665    2.1648   -0.1499
   -1.4171   -1.2010  -33.7157   -7.0074    0.2652   -0.3901   -0.0040
   -3.3730   -3.2392   -7.5126   -8.7551    0.1576    0.5531    0.3205
   -1.6023    2.1046    0.4406    0.6269   -6.6721    0.0647   -0.6010
    1.7150    1.2489   -0.3447   -0.1637    0.5450   -7.3137    0.0065
   -0.2636   -0.1727    0.1199    0.0642   -0.6376    0.1391   -7.2461


Coefficient matrix:

   -0.0137   -0.0171   -0.0973    0.0170   -0.1008   -0.5381    1.1223
    0.0085   -0.1690   -0.1731    0.1680   -0.0793    1.1538    0.3810
   -1.0040   -0.1698   -0.1574   -0.0426   -0.0577    0.0182    0.0520
    0.0196    0.7481    0.8165    0.1371    0.3198   -0.1549   -0.5526
    0.0188   -0.5676    0.1714    0.0869    0.8317    0.4744   -0.1447
   -0.0134    0.2293   -0.6200    0.7715    0.2269    0.0479    0.2891
    0.0049   -0.4684    0.4228    0.6364   -0.4256   -0.1046   -0.0684

iteration = 10, energy = 27.938509

Fock matrix:

   -2.6123   -0.6372   -1.1245   -2.2237   -1.1623    0.7598    0.1740
   -0.7617   -2.6777   -1.5117   -2.5127    2.0934    0.7571    0.2481
   -2.0684   -1.9600  -31.5141   -8.3041    0.0018    0.4611    0.3251
   -2.3367   -2.3480   -7.1804   -6.8089    0.4199   -0.0258    0.4056
   -1.2001    1.4061    0.3374    0.2988   -4.7196    0.4028   -0.4100
    1.2713    0.9554    0.1119    0.6382    0.3892   -6.3060   -0.1332
   -0.1624    0.0193    0.3034    0.4965   -0.3787    0.1006   -6.3260


Coefficient matrix:

    0.0126   -0.2454   -0.0014   -0.0091    0.0541    1.1905   -0.2981
    0.0023   -0.2648   -0.0292    0.0561   -0.0178    0.1147    1.2173
    1.0014   -0.1432   -0.0559    0.1907    0.0706    0.0362    0.0248
   -0.0100    0.6950    0.2009   -0.8401   -0.3548   -0.4773   -0.3070
   -0.0127    0.0919   -0.2737    0.3846   -0.9056   -0.2572    0.4235
   -0.0041   -0.9256    0.3397   -0.2749   -0.3110    0.1334    0.0862
   -0.0120   -0.2473   -0.8805   -0.3880    0.0734   -0.0705   -0.0493

iteration = 11, energy = -9.577939

Fock matrix:

   -7.9597   -2.5772   -2.1066   -5.1837   -2.8448    2.8062    0.0461
   -2.6802   -7.9754   -1.7733   -5.2985    2.2196    3.1044    0.2051
   -1.5265   -1.6209  -34.3496   -7.7886    0.1173   -0.1553   -0.1882
   -5.1251   -5.0140   -8.0662  -12.6159   -0.5675    0.7161   -0.1499
   -2.6754    2.6799   -0.2881   -0.0736  -11.2276   -0.4497    0.1494
    2.1079    2.3115    0.2268    0.2428   -0.3524   -9.4185   -0.1481
   -0.1121   -0.4212   -0.0774   -0.3757    0.3591   -0.0070   -9.2662


Coefficient matrix:

   -0.0046    0.1461    0.2220    0.1201   -0.0946   -0.8781   -0.8393
    0.0033   -0.2776    0.0559    0.1588    0.1413   -0.7430    0.9445
    1.0018   -0.0589    0.2410    0.0229    0.0308   -0.0553    0.0036
   -0.0080    0.3212   -1.0942   -0.1451   -0.1805    0.5668   -0.0415
    0.0122   -1.0323   -0.3245   -0.0185    0.2373    0.0486    0.2586
   -0.0065   -0.2012    0.1025    0.7588   -0.6801   -0.2778    0.0564
    0.0028    0.1576   -0.1005    0.7030    0.6728    0.1049   -0.0841

iteration = 12, energy = -5.110041

Fock matrix:

   -4.2482   -1.4504   -2.1091   -3.2976   -1.4540    1.4211   -0.3212
   -1.3181   -4.1736   -1.7688   -3.2838    2.6272    1.2101   -0.1155
   -1.1021   -1.2295  -31.5842   -6.4061   -0.2963    0.1548    0.3335
   -2.9856   -3.0628   -7.7629   -8.2083   -0.0428   -0.1020   -0.1440
   -1.8601    1.3957   -0.4307   -0.5171   -6.3463   -0.4728    0.4393
    1.7257    1.7618    0.1933    0.4391   -0.6744   -6.6913    0.1318
    0.3364   -0.1214    0.1926    0.3840    0.5848    0.1105   -6.5459


Coefficient matrix:

   -0.0191   -0.1212    0.0426   -0.1527   -0.0546   -1.0345    0.6753
    0.0003   -0.0011    0.1555    0.0407   -0.1891   -0.5491   -1.0983
    0.9978   -0.1845    0.1184   -0.1260   -0.0740   -0.0653   -0.0200
    0.0120    0.7442   -0.5478    0.5669    0.3968    0.5522    0.1985
    0.0193    0.5285    0.3555    0.1436   -0.8254    0.2204   -0.3748
   -0.0074    0.0353    0.8593    0.3627    0.3670   -0.4025   -0.0414
   -0.0080   -0.5452   -0.1607    0.7584   -0.3133    0.0008    0.0594

iteration = 13, energy = 15.630738

Fock matrix:

   -6.3216   -2.3014   -2.0280   -4.6004   -2.0390    1.7443    0.0147
   -2.4745   -6.4065   -1.6664   -4.6468    1.5426    1.9111    0.1537
   -1.2658   -1.1118  -30.9020   -6.6591    0.3040    0.0900    0.2419
   -4.3732   -4.3141   -7.4485  -10.7830    0.2442    0.2601   -0.0578
   -1.8176    2.3122    0.0946    0.5671   -9.0902    0.4150   -0.3697
    2.2871    2.1769    0.2100    0.5685    0.6070   -7.7800   -0.0637
   -0.0551    0.3428    0.1212    0.2722   -0.4370   -0.0032   -7.2605


Coefficient matrix:

    0.0008   -0.1266   -0.2446    0.1513    0.1502    0.5840    1.0522
    0.0207    0.2232    0.0756    0.1059   -0.1597    1.0160   -0.6667
   -0.9995    0.1855   -0.1552    0.0793   -0.0027    0.0765    0.0149
   -0.0060   -0.7846    0.7146   -0.4111    0.0201   -0.5942   -0.1687
    0.0119    0.7534    0.7197   -0.2958   -0.2439    0.1291   -0.2185
    0.0088    0.0176   -0.4718   -0.8193   -0.1654    0.4898    0.0903
    0.0051    0.1470    0.0462   -0.1938    0.9602    0.0604   -0.1142

iteration = 14, energy = 5.621872

Fock matrix:

   -6.0012   -1.7801   -1.1511   -3.8684   -2.2007    2.2191   -0.1389
   -1.7437   -5.9904   -1.4864   -3.7493    1.7295    2.1619    0.1209
   -2.1647   -1.9257  -34.5894   -8.5982    0.0380   -0.2262   -0.0513
   -4.2134   -4.2183   -7.5941  -10.6153    0.3633    0.4322    0.0345
   -2.2518    2.3528    0.2646    0.2227   -9.0786   -0.0944    0.8720
    1.6499    1.5668   -0.2850   -0.2823    0.1302   -8.3070    0.0860
   -0.2569    0.1142   -0.0114   -0.0584    0.6361    0.0936   -8.8401


Coefficient matrix:

   -0.0253    0.1215    0.1875   -0.0440   -0.1451    0.5743    1.0799
   -0.0077   -0.2608    0.0419   -0.1219   -0.1224   -1.1263    0.4487
   -1.0052   -0.1145    0.2093   -0.0238   -0.0071   -0.0160    0.0389
    0.0307    0.5185   -1.0091    0.1754    0.1142    0.1722   -0.5620
    0.0116   -0.8135   -0.3405    0.5168   -0.3199   -0.3563   -0.1513
   -0.0144   -0.0332   -0.0276   -0.5887   -0.8785   -0.0550    0.2154
   -0.0008    0.5147    0.3344    0.6228   -0.4550   -0.1527   -0.0706

iteration = 15, energy = 0.794247

Fock matrix:

   -5.4680   -1.8680   -1.0693   -3.7465   -1.8858    1.9956   -0.0628
   -1.8368   -5.5658   -1.4554   -4.0151    2.5425    1.6806   -0.5088
   -1.1992   -1.2720  -32.2187   -6.5303    0.1475   -0.3172    0.4537
   -3.9183   -3.8129   -7.0955   -9.7650   -0.1551    0.1065    0.1662
   -1.9839    1.9923    0.2934    0.1870   -8.1464   -0.6230   -0.2743
    1.5053    1.9429   -0.3746   -0.2023   -0.9782   -7.2353   -0.0703
   -0.1166    0.0466    0.3852    0.6265   -0.4435   -0.0093   -7.2492


Coefficient matrix:

    0.0055    0.0556   -0.1119    0.0847    0.0966    0.8191   -0.9307
    0.0029    0.2324    0.1212    0.1120   -0.1462    0.8202    0.8911
    1.0051    0.1950   -0.1177   -0.0476   -0.0188    0.0707   -0.0043
   -0.0255   -0.9211    0.5462    0.2654    0.0578   -0.6749    0.0236
   -0.0103    0.5095    0.7621    0.0250   -0.5780   -0.1062    0.3326
    0.0154    0.2239    0.4674   -0.4146    0.7243    0.4516    0.0209
   -0.0150    0.3810    0.0184    0.8063    0.4260   -0.1507    0.0054

iteration = 16, energy = 21.078117

Fock matrix:

   -6.0758   -1.9589   -2.1226   -4.2763   -2.1122    1.9704   -0.3592
   -1.9294   -6.0718   -1.7198   -3.9387    1.6624    2.1768   -0.3773
   -1.9764   -1.6597  -32.8317   -8.1797    0.1656   -0.0100    0.4111
   -4.3341   -4.2805   -7.9572  -10.7559    0.3771    0.6955   -0.1533
   -2.0151    2.3533   -0.0729    0.2785   -9.5279    0.4274    0.3717
    1.7302    1.6674    0.2369    0.2341    0.5257   -8.0165   -0.0344
    0.3859   -0.0454    0.2383    0.5015    0.4732   -0.1013   -8.3258


Coefficient matrix:

   -0.0121   -0.2485    0.1673    0.2056   -0.0056    0.5944    1.0411
    0.0105    0.2091    0.1597    0.0074   -0.1707   -1.1062    0.4972
   -0.9985    0.0696    0.2405    0.0517    0.0636   -0.0247    0.0528
   -0.0053   -0.2878   -1.0391   -0.2826   -0.2670    0.1709   -0.5782
    0.0039    1.0306   -0.1809   -0.1281   -0.3439   -0.2566   -0.0422
    0.0078   -0.1723    0.3153    0.5416   -0.8416   -0.0859    0.1777
    0.0100   -0.1422    0.3659   -0.8347   -0.3755    0.0875    0.0202

iteration = 17, energy = 25.757572

Fock matrix:

   -6.3323   -1.9779   -1.1174   -4.0459   -2.6155    2.1486    0.4133
   -1.9780   -6.3026   -1.4839   -4.1121    1.1933    1.9013    0.3373
   -1.1832   -1.2620  -33.9977   -6.8596    0.0041    0.1602   -0.2846
   -4.1596   -4.1048   -7.4424  -10.6398   -0.6452    0.2442    0.4680
   -2.3677    2.2468    0.0543   -0.1485   -8.7204   -0.6004   -0.2421
    1.9801    2.3614   -0.0782    0.3958   -0.4702   -8.2875   -0.0217
   -0.4040   -0.2464   -0.0508   -0.2579   -0.2610    0.1520   -8.0964


Coefficient matrix:

    0.0048    0.1816   -0.0688    0.1050    0.1107   -0.5480    1.0992
    0.0004    0.1326    0.1491    0.1503   -0.1106    1.1517    0.4103
   -1.0054    0.2230   -0.0277    0.0637   -0.0326    0.0226    0.0522
    0.0233   -1.1072    0.1074   -0.3439    0.1407   -0.2216   -0.5020
   -0.0014    0.0155    0.9330    0.1167   -0.5156    0.3253   -0.2027
   -0.0018    0.3589    0.4437   -0.4306    0.7033    0.1994    0.3525
   -0.0017   -0.1161    0.1702    0.8214    0.5190   -0.0255   -0.1136

iteration = 18, energy = 3.430601

Fock matrix:

   -6.8427   -2.0540   -1.1142   -4.3239   -2.2161    2.1472   -0.1337
   -2.0856   -6.8888   -1.4308   -4.1690    2.5165    2.3023    0.1196
   -1.8607   -1.4417  -34.4556   -7.9419    0.1725   -0.0706    0.4649
   -4.6022   -4.5199   -7.4704  -11.3907    0.7176    0.5543    0.2493
   -2.2976    2.7039    0.4131    0.5197   -9.9276    0.5607    0.2934
    2.2256    1.8510   -0.1809    0.0681    0.6796   -8.6173    0.0269
   -0.0816    0.0247    0.3811    0.6355    0.2349    0.1994   -8.9280


Coefficient matrix:

   -0.0233   -0.0087    0.2589    0.0949   -0.0058    0.2848    1.1881
    0.0101    0.2327    0.0188   -0.0832    0.0776   -1.2152    0.1591
   -1.0059    0.2066    0.0934   -0.0369   -0.0477   -0.0326    0.0440
    0.0302   -0.9600   -0.5322    0.2265    0.2458    0.2815   -0.5297
    0.0213    0.5501   -0.8413   -0.0542    0.3982   -0.3164   -0.1571
   -0.0083   -0.0241    0.3866   -0.5708    0.7637   -0.1568    0.2931
    0.0141    0.1977    0.3276    0.7814    0.4753    0.0028   -0.1305

iteration = 19, energy = 14.368376

Fock matrix:

   -4.3750   -1.3937   -1.1553   -3.1431   -2.1186    1.5622   -0.2010
   -1.2630   -4.4282   -1.4641   -2.9138    1.1918    1.8509   -0.1323
   -1.3269   -1.6648  -33.0381   -7.3352    0.1473   -0.2945    0.4555
   -3.2795   -3.3501   -7.3847   -8.6838   -0.4417    0.3260    0.1547
   -1.7832    1.8222    0.3038   -0.0375   -6.4139    0.5116    0.4377
    1.4060    1.6934   -0.4122   -0.2721    0.4841   -7.4135    0.0775
   -0.1107    0.1103    0.3562    0.6172    0.2776    0.1694   -7.4192


Coefficient matrix:

   -0.0001    0.1972    0.2092   -0.0113   -0.0249    0.9493    0.7647
   -0.0118    0.0728   -0.0418   -0.0800    0.0716   -0.8834    0.8777
   -1.0037    0.1894   -0.0130   -0.1513    0.0041    0.0049    0.0585
    0.0198   -0.8656   -0.0478    0.7382   -0.0761   -0.0042   -0.6121
    0.0087   -0.1650   -0.4198   -0.2287   -0.8743   -0.5160    0.1028
   -0.0172   -0.0322    0.9612   -0.1705   -0.3022   -0.1184    0.3318
    0.0135    0.6540    0.0649    0.6881   -0.2841   -0.0981   -0.0638

iteration = 20, energy = 3.198188

Fock matrix:

   -7.3083   -2.5639   -1.0162   -4.7342   -2.2767    2.4484   -0.1800
   -2.3380   -7.2661   -1.3590   -4.5953    2.3771    2.3135   -0.6252
   -1.3753   -1.5275  -32.3833   -7.4187   -0.2272    0.0090    0.4943
   -4.8419   -4.9566   -7.0103  -11.8809   -0.2037    0.7564    0.0188
   -2.6015    2.2385    0.0399   -0.4370  -10.3768   -0.3984   -0.0041
    1.9882    2.3659   -0.1203    0.2924   -0.6158   -8.5895    0.0653
   -0.0512   -0.0302    0.3847    0.6274   -0.1258    0.1073   -8.3972


Coefficient matrix:

    0.0054   -0.2414   -0.0826    0.0066   -0.2071    1.1172    0.4618
   -0.0090    0.0344    0.2976   -0.1686   -0.0167    0.3572   -1.1504
   -1.0064   -0.1995    0.1041   -0.0135    0.0386    0.0634   -0.0245
    0.0300    0.9744   -0.5332    0.0362   -0.1854   -0.5711    0.2841
   -0.0033    0.5411    0.9217   -0.1661    0.2568   -0.1346   -0.2075
   -0.0048   -0.0661    0.3400    0.7002   -0.6560    0.2849   -0.2190
    0.0154   -0.1535    0.1611   -0.6476   -0.7002   -0.1826    0.0854


===================================================================

WARNING: SCF not converged.


Energy:

MO_NUM: 0,    MO_ENERGY = -32.366534 , occ = 2
MO_NUM: 1,    MO_ENERGY = -11.464741 , occ = 2
MO_NUM: 2,    MO_ENERGY = -10.747094 , occ = 2
MO_NUM: 3,    MO_ENERGY = -8.579809 , occ = 2
MO_NUM: 4,    MO_ENERGY = -8.121391 , occ = 2
MO_NUM: 5,    MO_ENERGY = -6.456438 , occ = 0
MO_NUM: 6,    MO_ENERGY = -6.259078 , occ = 0

Total Energy: 12.109082

MO_LABEL:
[ H1s , H1s , O1s , O2s , O2py , O2pz , O2px ]

MO_COEFF:


    0.005384   -0.241370   -0.082607    0.006556   -0.207148    1.117188    0.461810
   -0.009019    0.034391    0.297567   -0.168619   -0.016710    0.357215   -1.150356
   -1.006391   -0.199542    0.104144   -0.013516    0.038582    0.063427   -0.024455
    0.030040    0.974375   -0.533210    0.036157   -0.185436   -0.571150    0.284065
   -0.003276    0.541137    0.921704   -0.166075    0.256842   -0.134597   -0.207531
   -0.004777   -0.066086    0.340044    0.700218   -0.655951    0.284928   -0.218957
    0.015371   -0.153455    0.161137   -0.647560   -0.700199   -0.182626    0.085354

